c:\users\simen\documents\ntnu\jobbsøking\cardiaccs\programmeringtest\cardiaccs-cpp-test\workdaycalendar\x64\release\vc143.pdb
c:\users\simen\documents\ntnu\jobbsøking\cardiaccs\programmeringtest\cardiaccs-cpp-test\workdaycalendar\x64\release\workdaycalendar.obj
c:\users\simen\documents\ntnu\jobbsøking\cardiaccs\programmeringtest\cardiaccs-cpp-test\workdaycalendar\x64\release\main.obj
c:\users\simen\documents\ntnu\jobbsøking\cardiaccs\programmeringtest\cardiaccs-cpp-test\workdaycalendar\x64\release\datetime.obj
c:\users\simen\documents\ntnu\jobbsøking\cardiaccs\programmeringtest\cardiaccs-cpp-test\x64\release\workdaycalendar.exe
c:\users\simen\documents\ntnu\jobbsøking\cardiaccs\programmeringtest\cardiaccs-cpp-test\x64\release\workdaycalendar.pdb
c:\users\simen\documents\ntnu\jobbsøking\cardiaccs\programmeringtest\cardiaccs-cpp-test\workdaycalendar\x64\release\workdaycalendar.iobj
c:\users\simen\documents\ntnu\jobbsøking\cardiaccs\cardiaccs-cpp-test\workdaycalendar\x64\release\datetime.obj
c:\users\simen\documents\ntnu\jobbsøking\cardiaccs\cardiaccs-cpp-test\workdaycalendar\x64\release\main.obj
c:\users\simen\documents\ntnu\jobbsøking\cardiaccs\cardiaccs-cpp-test\workdaycalendar\x64\release\workdaycalendar.obj
c:\users\simen\documents\ntnu\jobbsøking\cardiaccs\cardiaccs-cpp-test\workdaycalendar\x64\release\workdaycalendar.ipdb
c:\users\simen\documents\ntnu\jobbsøking\cardiaccs\cardiaccs-cpp-test\workdaycalendar\x64\release\workdaycalendar.iobj
c:\users\simen\documents\ntnu\jobbsøking\cardiaccs\cardiaccs-cpp-test\workdaycalendar\x64\release\vc143.pdb
c:\users\simen\documents\ntnu\jobbsøking\cardiaccs\cardiaccs-cpp-test\x64\release\workdaycalendar.pdb
c:\users\simen\documents\ntnu\jobbsøking\cardiaccs\cardiaccs-cpp-test\x64\release\workdaycalendar.exe
c:\users\simen\documents\ntnu\jobbsøking\cardiaccs\cardiaccs-cpp-test\workdaycalendar\x64\release\workdaycalendar.tlog\cl.command.1.tlog
c:\users\simen\documents\ntnu\jobbsøking\cardiaccs\cardiaccs-cpp-test\workdaycalendar\x64\release\workdaycalendar.tlog\cl.read.1.tlog
c:\users\simen\documents\ntnu\jobbsøking\cardiaccs\cardiaccs-cpp-test\workdaycalendar\x64\release\workdaycalendar.tlog\cl.write.1.tlog
c:\users\simen\documents\ntnu\jobbsøking\cardiaccs\cardiaccs-cpp-test\workdaycalendar\x64\release\workdaycalendar.tlog\link.command.1.tlog
c:\users\simen\documents\ntnu\jobbsøking\cardiaccs\cardiaccs-cpp-test\workdaycalendar\x64\release\workdaycalendar.tlog\link.read.1.tlog
c:\users\simen\documents\ntnu\jobbsøking\cardiaccs\cardiaccs-cpp-test\workdaycalendar\x64\release\workdaycalendar.tlog\link.write.1.tlog
